File "Minute Number" State LFP_RFP_M LF_RF_M LC_RC_M LT_RT_M LP_RP_M LO_RO_M LO_LFP_M RO_RFP_M LFP_RFP_R2 LF_RF_R2 LC_RC_R2 LT_RT_R2 LP_RP_R2 LO_RO_R2 LO_LFP_R2 RO_RFP_R2 
07-23-13-NS1-RAPD-0081-EEG-36W-2D 1 I 0.004 -0.006 0.003 -0.007 -0.002 0.003 -0.001 0.003 0.092 -0.233 0.079 -0.121 -0.039 0.052 -0.020 0.051
07-23-13-NS1-RAPD-0081-EEG-36W-2D 2 A 0.004 -0.001 0.004 -0.002 0.004 0.001 0.005 0.010 0.102 -0.036 0.115 -0.037 0.090 0.025 0.101 0.144
07-23-13-NS1-RAPD-0081-EEG-36W-2D 3 A -0.004 -0.004 -0.014 -0.005 0.002 0.026 -0.006 0.005 -0.103 -0.134 -0.291 -0.082 0.029 0.816 -0.117 0.071
07-23-13-NS1-RAPD-0081-EEG-36W-2D 4 I -0.003 -0.003 -0.006 -0.006 -0.007 0.006 0.001 0.001 -0.075 -0.122 -0.131 -0.098 -0.116 0.125 0.016 0.015
07-23-13-NS1-RAPD-0081-EEG-36W-2D 5 A 0.004 -0.002 -0.005 0.000 0.008 0.011 -0.007 0.003 0.122 -0.099 -0.111 0.002 0.154 0.265 -0.143 0.050
07-23-13-NS1-RAPD-0081-EEG-36W-2D 6 I -0.007 -0.006 0.002 0.000 -0.001 -0.007 -0.002 -0.007 -0.243 -0.257 0.042 0.004 -0.015 -0.125 -0.048 -0.107
07-23-13-NS1-RAPD-0081-EEG-36W-2D 7 I 0.008 -0.001 -0.004 -0.010 -0.009 -0.001 0.004 0.018 0.215 -0.028 -0.084 -0.171 -0.203 -0.026 0.087 0.255
07-23-13-NS1-RAPD-0081-EEG-36W-2D 8 A 0.001 -0.004 -0.002 -0.003 -0.007 -0.015 0.003 0.013 0.012 -0.134 -0.035 -0.041 -0.131 -0.267 0.062 0.190
07-23-13-NS1-RAPD-0081-EEG-36W-2D 9 A -0.001 -0.002 0.006 -0.000 -0.001 -0.008 0.007 0.019 -0.026 -0.118 0.150 -0.002 -0.028 -0.125 0.150 0.276
07-23-13-NS1-RAPD-0081-EEG-36W-2D 10 A 0.004 -0.004 0.003 -0.002 -0.005 0.011 0.002 0.007 0.100 -0.230 0.064 -0.039 -0.089 0.259 0.037 0.100
07-23-13-NS1-RAPD-0081-EEG-36W-2D 11 A 0.007 0.002 -0.009 -0.010 0.005 0.002 -0.006 0.004 0.196 0.071 -0.212 -0.159 0.085 0.039 -0.135 0.053
07-23-13-NS1-RAPD-0081-EEG-36W-2D 12 I -0.005 -0.002 0.005 -0.011 0.001 -0.005 -0.005 0.021 -0.117 -0.057 0.104 -0.177 0.029 -0.082 -0.118 0.303
07-23-13-NS1-RAPD-0081-EEG-36W-2D 13 A -0.001 -0.007 -0.006 -0.014 -0.008 -0.011 0.004 0.009 -0.035 -0.262 -0.150 -0.246 -0.178 -0.201 0.094 0.134
07-23-13-NS1-RAPD-0081-EEG-36W-2D 14 A -0.003 -0.001 -0.005 -0.016 -0.002 -0.017 -0.006 0.005 -0.071 -0.062 -0.118 -0.280 -0.038 -0.320 -0.131 0.067
07-23-13-NS1-RAPD-0081-EEG-36W-2D 15 A 0.002 -0.007 0.004 -0.006 -0.019 -0.006 -0.004 -0.001 0.055 -0.258 0.076 -0.110 -0.415 -0.110 -0.098 -0.013
07-23-13-NS1-RAPD-0081-EEG-36W-2D 16 A 0.000 -0.002 -0.007 -0.009 -0.011 -0.019 -0.007 0.004 0.000 -0.094 -0.210 -0.171 -0.249 -0.347 -0.173 0.052
07-23-13-NS1-RAPD-0081-EEG-36W-2D 17 A 0.009 -0.003 -0.001 -0.014 0.005 -0.020 -0.006 0.005 0.216 -0.138 -0.021 -0.254 0.103 -0.358 -0.134 0.067
07-23-13-NS1-RAPD-0081-EEG-36W-2D 18 I 0.008 -0.006 0.006 0.003 0.003 0.001 0.007 0.010 0.199 -0.229 0.141 0.041 0.067 0.027 0.156 0.138
07-23-13-NS1-RAPD-0081-EEG-36W-2D 19 Q 0.005 -0.008 -0.007 -0.013 0.005 -0.017 -0.005 -0.002 0.119 -0.321 -0.180 -0.256 0.114 -0.312 -0.105 -0.036
07-23-13-NS1-RAPD-0081-EEG-36W-2D 20 I 0.009 0.004 -0.003 -0.015 -0.013 -0.013 -0.006 0.004 0.221 0.153 -0.075 -0.286 -0.276 -0.227 -0.137 0.060
07-23-13-NS1-RAPD-0081-EEG-36W-2D 21 A 0.004 -0.005 -0.005 0.018 0.001 -0.024 0.004 0.015 0.095 -0.163 -0.113 0.276 0.019 -0.447 0.093 0.213
07-23-13-NS1-RAPD-0081-EEG-36W-2D 22 A 0.015 -0.001 -0.002 -0.010 -0.001 0.004 0.007 0.005 0.395 -0.029 -0.042 -0.160 -0.011 0.083 0.161 0.067
07-23-13-NS1-RAPD-0081-EEG-36W-2D 23 I 0.004 -0.002 -0.008 -0.005 -0.008 -0.015 0.003 0.024 0.082 -0.066 -0.237 -0.086 -0.180 -0.277 0.057 0.373
07-23-13-NS1-RAPD-0081-EEG-36W-2D 24 Q 0.004 0.004 -0.003 -0.002 -0.002 -0.023 0.001 0.020 0.097 0.132 -0.077 -0.040 -0.051 -0.463 0.018 0.279
07-23-13-NS1-RAPD-0081-EEG-36W-2D 25 I 0.001 -0.001 -0.006 -0.020 -0.002 -0.010 0.007 0.022 0.020 -0.023 -0.171 -0.370 -0.053 -0.198 0.158 0.318
07-23-13-NS1-RAPD-0081-EEG-36W-2D 26 Q 0.000 -0.005 -0.001 0.002 0.002 -0.017 0.003 -0.005 0.002 -0.215 -0.031 0.034 0.040 -0.358 0.059 -0.065
07-23-13-NS1-RAPD-0081-EEG-36W-2D 27 Q 0.005 0.006 -0.004 -0.006 -0.014 -0.011 -0.000 0.006 0.103 0.222 -0.097 -0.114 -0.308 -0.206 -0.011 0.084
07-23-13-NS1-RAPD-0081-EEG-36W-2D 28 Q 0.007 -0.006 -0.001 -0.005 0.012 -0.014 0.001 -0.008 0.156 -0.179 -0.015 -0.105 0.271 -0.286 0.017 -0.118
07-23-13-NS1-RAPD-0081-EEG-36W-2D 29 A 0.006 0.004 -0.001 -0.007 0.000 -0.017 0.003 0.019 0.161 0.193 -0.025 -0.118 0.003 -0.308 0.065 0.282
07-23-13-NS1-RAPD-0081-EEG-36W-2D 30 A 0.002 -0.005 -0.001 -0.005 -0.000 -0.019 0.005 0.023 0.052 -0.195 -0.016 -0.090 -0.004 -0.335 0.103 0.343
07-23-13-NS1-RAPD-0081-EEG-36W-2D 31 I 0.006 -0.002 -0.005 -0.002 0.001 -0.023 0.008 0.020 0.148 -0.077 -0.123 -0.039 0.032 -0.477 0.182 0.272
07-23-13-NS1-RAPD-0081-EEG-36W-2D 32 A 0.002 0.003 0.000 -0.017 -0.005 -0.020 0.003 0.010 0.033 0.141 0.001 -0.300 -0.115 -0.464 0.066 0.147
07-23-13-NS1-RAPD-0081-EEG-36W-2D 33 A 0.009 0.000 0.001 -0.005 -0.004 -0.011 0.001 0.013 0.261 0.016 0.022 -0.089 -0.096 -0.224 0.030 0.186
07-23-13-NS1-RAPD-0081-EEG-36W-2D 34 A 0.005 0.002 -0.004 -0.002 -0.004 -0.023 -0.001 0.010 0.114 0.097 -0.115 -0.042 -0.086 -0.504 -0.026 0.139
07-23-13-NS1-RAPD-0081-EEG-36W-2D 35 A -0.006 -0.010 -0.000 0.003 -0.008 -0.018 0.013 0.008 -0.137 -0.281 -0.003 0.056 -0.174 -0.377 0.283 0.120
07-23-13-NS1-RAPD-0081-EEG-36W-2D 36 I -0.001 0.010 -0.000 -0.003 0.000 -0.004 0.003 0.008 -0.020 0.312 -0.002 -0.047 0.003 -0.090 0.066 0.111
07-23-13-NS1-RAPD-0081-EEG-36W-2D 37 A 0.008 0.001 -0.005 -0.008 -0.001 -0.014 0.012 0.011 0.203 0.043 -0.120 -0.141 -0.017 -0.319 0.289 0.152
07-23-13-NS1-RAPD-0081-EEG-36W-2D 38 A 0.002 -0.004 -0.005 0.001 0.004 -0.022 -0.007 0.001 0.033 -0.163 -0.126 0.018 0.077 -0.528 -0.163 0.020
07-23-13-NS1-RAPD-0081-EEG-36W-2D 39 A 0.009 -0.003 -0.007 -0.009 0.003 -0.006 -0.006 0.007 0.210 -0.105 -0.133 -0.155 0.065 -0.114 -0.151 0.106
07-23-13-NS1-RAPD-0081-EEG-36W-2D 40 A 0.004 -0.004 0.002 -0.007 -0.006 -0.002 -0.002 0.008 0.097 -0.174 0.044 -0.125 -0.118 -0.036 -0.045 0.107
07-23-13-NS1-RAPD-0081-EEG-36W-2D 41 A 0.015 0.002 -0.004 0.002 -0.002 -0.020 0.010 0.017 0.327 0.094 -0.101 0.030 -0.056 -0.500 0.214 0.221
07-23-13-NS1-RAPD-0081-EEG-36W-2D 42 A 0.012 -0.001 0.003 -0.006 0.000 -0.017 -0.003 -0.005 0.260 -0.057 0.080 -0.097 0.004 -0.381 -0.075 -0.066
07-23-13-NS1-RAPD-0081-EEG-36W-2D 43 A 0.011 0.002 -0.006 0.003 -0.011 -0.009 -0.013 0.003 0.226 0.066 -0.118 0.053 -0.212 -0.184 -0.338 0.054
07-23-13-NS1-RAPD-0081-EEG-36W-2D 44 A 0.011 -0.006 -0.007 -0.002 -0.009 -0.023 0.002 0.012 0.247 -0.217 -0.160 -0.035 -0.189 -0.587 0.040 0.174
07-23-13-NS1-RAPD-0081-EEG-36W-2D 45 A 0.008 -0.000 -0.007 -0.014 -0.007 -0.017 -0.004 0.020 0.171 -0.015 -0.172 -0.236 -0.146 -0.413 -0.097 0.284
07-23-13-NS1-RAPD-0081-EEG-36W-2D 46 A 0.008 -0.005 -0.002 -0.002 -0.004 -0.020 0.009 0.007 0.154 -0.144 -0.056 -0.029 -0.073 -0.517 0.215 0.100
07-23-13-NS1-RAPD-0081-EEG-36W-2D 47 A 0.011 -0.004 -0.003 -0.011 -0.006 -0.012 0.008 0.010 0.255 -0.155 -0.072 -0.186 -0.133 -0.270 0.188 0.140
07-23-13-NS1-RAPD-0081-EEG-36W-2D 48 A 0.004 0.000 -0.003 -0.005 -0.005 0.006 -0.003 -0.007 0.066 0.009 -0.069 -0.082 -0.107 0.162 -0.088 -0.103
07-23-13-NS1-RAPD-0081-EEG-36W-2D 49 I 0.003 -0.002 -0.008 -0.009 -0.018 -0.024 -0.003 -0.005 0.074 -0.066 -0.223 -0.144 -0.363 -0.756 -0.057 -0.063
07-23-13-NS1-RAPD-0081-EEG-36W-2D 50 A 0.011 0.000 -0.008 -0.002 -0.006 -0.016 -0.002 -0.002 0.245 0.015 -0.222 -0.030 -0.132 -0.463 -0.057 -0.031
07-23-13-NS1-RAPD-0081-EEG-36W-2D 51 I 0.002 -0.001 -0.009 -0.004 -0.016 -0.007 -0.004 0.003 0.033 -0.044 -0.219 -0.054 -0.293 -0.200 -0.086 0.042
07-23-13-NS1-RAPD-0081-EEG-36W-2D 52 A -0.003 -0.000 -0.003 -0.017 -0.010 -0.015 -0.001 0.002 -0.056 -0.010 -0.071 -0.263 -0.210 -0.349 -0.034 0.023
07-23-13-NS1-RAPD-0081-EEG-36W-2D 53 A 0.009 -0.004 -0.009 0.007 -0.012 -0.015 -0.009 0.003 0.187 -0.112 -0.212 0.105 -0.257 -0.336 -0.218 0.036
07-23-13-NS1-RAPD-0081-EEG-36W-2D 54 A 0.004 -0.003 -0.005 0.008 -0.010 -0.012 0.000 0.013 0.089 -0.071 -0.105 0.119 -0.194 -0.324 0.004 0.180
07-23-13-NS1-RAPD-0081-EEG-36W-2D 55 A 0.012 -0.002 0.002 -0.008 -0.003 -0.019 -0.003 0.012 0.250 -0.067 0.071 -0.131 -0.069 -0.486 -0.064 0.160
07-23-13-NS1-RAPD-0081-EEG-36W-2D 56 A 0.005 -0.013 -0.005 0.007 -0.009 -0.016 0.000 0.013 0.095 -0.390 -0.145 0.106 -0.205 -0.398 0.006 0.179
07-23-13-NS1-RAPD-0081-EEG-36W-2D 57 A 0.009 0.005 -0.000 -0.004 -0.013 -0.007 -0.004 0.012 0.237 0.136 -0.007 -0.079 -0.247 -0.166 -0.094 0.205
07-23-13-NS1-RAPD-0081-EEG-36W-2D 58 A 0.015 -0.003 -0.004 -0.012 -0.012 -0.018 0.001 0.016 0.323 -0.108 -0.115 -0.211 -0.248 -0.407 0.034 0.211
07-23-13-NS1-RAPD-0081-EEG-36W-2D 59 I 0.009 -0.006 0.001 -0.004 0.003 -0.020 -0.003 0.023 0.190 -0.200 0.019 -0.059 0.054 -0.497 -0.067 0.320
07-23-13-NS1-RAPD-0081-EEG-36W-2D 60 A 0.005 -0.002 0.005 -0.011 0.001 -0.021 0.003 -0.002 0.094 -0.069 0.139 -0.195 0.028 -0.539 0.066 -0.031
07-23-13-NS1-RAPD-0081-EEG-36W-2D 61 I 0.012 0.001 0.004 0.006 -0.002 -0.022 -0.003 0.020 0.251 0.039 0.119 0.089 -0.053 -0.509 -0.071 0.286
07-23-13-NS1-RAPD-0081-EEG-36W-2D 62 I 0.002 -0.005 -0.003 -0.007 -0.006 -0.022 0.015 -0.001 0.050 -0.155 -0.085 -0.126 -0.130 -0.520 0.332 -0.015
07-23-13-NS1-RAPD-0081-EEG-36W-2D 63 A 0.008 0.001 0.002 -0.005 -0.005 -0.016 -0.008 0.003 0.152 0.027 0.050 -0.082 -0.105 -0.349 -0.200 0.036
07-23-13-NS1-RAPD-0081-EEG-36W-2D 64 A -0.001 -0.002 0.000 0.006 0.006 -0.007 0.006 -0.000 -0.026 -0.048 0.003 0.089 0.111 -0.156 0.143 -0.002
07-23-13-NS1-RAPD-0081-EEG-36W-2D 65 I -0.003 -0.000 0.003 -0.003 -0.003 -0.014 0.002 0.006 -0.050 -0.002 0.054 -0.049 -0.054 -0.271 0.047 0.083
05-22-14-NS1-RAPD-0140-EEG-35W-2D 1 I 0.002 0.008 0.009 -0.003 0.003 -0.001 -0.001 0.020 0.043 0.254 0.207 -0.047 0.062 -0.015 -0.027 0.281
05-22-14-NS1-RAPD-0140-EEG-35W-2D 2 A 0.006 0.001 -0.003 0.001 0.003 -0.000 -0.006 0.003 0.136 0.061 -0.071 0.019 0.052 -0.004 -0.095 0.045
05-22-14-NS1-RAPD-0140-EEG-35W-2D 3 A -0.003 -0.002 -0.008 -0.010 -0.001 0.005 -0.001 0.008 -0.060 -0.055 -0.189 -0.137 -0.025 0.110 -0.010 0.122
05-22-14-NS1-RAPD-0140-EEG-35W-2D 4 A -0.004 0.001 -0.012 -0.013 -0.012 0.001 -0.012 -0.002 -0.076 0.019 -0.237 -0.187 -0.187 0.014 -0.185 -0.026
05-22-14-NS1-RAPD-0140-EEG-35W-2D 5 A -0.002 0.001 0.003 -0.003 -0.009 -0.001 0.006 0.004 -0.038 0.037 0.068 -0.044 -0.177 -0.033 0.097 0.052
05-22-14-NS1-RAPD-0140-EEG-35W-2D 6 I -0.003 0.005 -0.002 0.003 -0.002 -0.008 -0.005 0.001 -0.055 0.227 -0.054 0.034 -0.030 -0.152 -0.075 0.007
05-22-14-NS1-RAPD-0140-EEG-35W-2D 7 A 0.000 0.001 -0.011 -0.009 0.001 -0.004 0.012 -0.011 0.003 0.028 -0.242 -0.125 0.023 -0.078 0.200 -0.153
05-22-14-NS1-RAPD-0140-EEG-35W-2D 8 A -0.011 -0.003 -0.012 0.003 -0.004 -0.008 0.008 0.001 -0.212 -0.117 -0.235 0.045 -0.081 -0.155 0.133 0.015
05-22-14-NS1-RAPD-0140-EEG-35W-2D 9 A 0.003 0.001 -0.013 -0.003 0.011 0.002 0.004 -0.002 0.057 0.037 -0.322 -0.045 0.226 0.033 0.055 -0.023
05-22-14-NS1-RAPD-0140-EEG-35W-2D 10 A -0.009 -0.005 -0.008 0.006 0.001 0.006 0.000 0.003 -0.169 -0.226 -0.186 0.077 0.024 0.133 0.001 0.047
05-22-14-NS1-RAPD-0140-EEG-35W-2D 11 A -0.002 0.002 -0.001 -0.007 -0.002 -0.003 -0.001 -0.004 -0.031 0.065 -0.026 -0.093 -0.035 -0.051 -0.018 -0.059
05-22-14-NS1-RAPD-0140-EEG-35W-2D 12 A -0.002 0.003 -0.002 -0.004 -0.010 -0.001 -0.011 -0.008 -0.036 0.126 -0.036 -0.049 -0.185 -0.024 -0.170 -0.114
05-22-14-NS1-RAPD-0140-EEG-35W-2D 13 Q 0.010 0.005 -0.000 -0.000 -0.006 -0.004 -0.002 -0.003 0.202 0.194 -0.004 -0.000 -0.117 -0.077 -0.039 -0.047
05-22-14-NS1-RAPD-0140-EEG-35W-2D 14 I -0.003 -0.007 -0.012 -0.002 -0.004 0.001 -0.001 0.011 -0.068 -0.278 -0.261 -0.032 -0.080 0.023 -0.013 0.161
05-22-14-NS1-RAPD-0140-EEG-35W-2D 15 Q -0.004 -0.003 -0.005 -0.009 -0.004 0.006 0.004 0.005 -0.078 -0.113 -0.104 -0.125 -0.076 0.126 0.062 0.082
05-22-14-NS1-RAPD-0140-EEG-35W-2D 16 Q 0.003 -0.007 -0.006 -0.007 -0.005 -0.001 0.003 -0.003 0.064 -0.221 -0.135 -0.101 -0.088 -0.025 0.057 -0.047
05-22-14-NS1-RAPD-0140-EEG-35W-2D 17 I 0.001 0.003 -0.000 0.010 -0.006 -0.003 0.001 0.006 0.012 0.119 -0.001 0.145 -0.119 -0.072 0.019 0.086
05-22-14-NS1-RAPD-0140-EEG-35W-2D 18 Q 0.007 -0.001 -0.008 -0.016 -0.002 0.005 -0.001 0.005 0.126 -0.034 -0.190 -0.250 -0.045 0.138 -0.011 0.071
05-22-14-NS1-RAPD-0140-EEG-35W-2D 19 I -0.011 -0.006 0.002 -0.016 -0.018 -0.002 -0.007 0.001 -0.208 -0.215 0.033 -0.222 -0.337 -0.043 -0.115 0.015
05-22-14-NS1-RAPD-0140-EEG-35W-2D 20 Q 0.002 0.003 -0.006 -0.008 -0.006 -0.002 0.003 -0.001 0.045 0.093 -0.118 -0.117 -0.114 -0.057 0.045 -0.010
05-22-14-NS1-RAPD-0140-EEG-35W-2D 21 Q -0.003 -0.000 -0.010 -0.014 -0.014 -0.002 0.002 0.000 -0.057 -0.004 -0.221 -0.196 -0.307 -0.047 0.033 0.006
05-22-14-NS1-RAPD-0140-EEG-35W-2D 22 I -0.003 0.004 -0.002 -0.004 -0.001 0.004 -0.005 0.006 -0.056 0.153 -0.048 -0.049 -0.020 0.076 -0.079 0.079
05-22-14-NS1-RAPD-0140-EEG-35W-2D 23 Q -0.006 0.006 -0.006 0.001 -0.016 -0.004 0.002 0.006 -0.103 0.267 -0.142 0.014 -0.292 -0.087 0.037 0.088
05-22-14-NS1-RAPD-0140-EEG-35W-2D 24 Q 0.005 0.011 0.001 0.005 -0.005 0.001 -0.012 -0.015 0.100 0.338 0.030 0.075 -0.092 0.015 -0.208 -0.217
05-22-14-NS1-RAPD-0140-EEG-35W-2D 25 Q 0.003 0.010 -0.012 0.000 -0.005 0.001 -0.006 0.001 0.059 0.390 -0.265 0.002 -0.089 0.015 -0.084 0.009
05-22-14-NS1-RAPD-0140-EEG-35W-2D 26 Q 0.008 0.000 -0.012 -0.014 0.004 -0.004 -0.005 -0.008 0.150 0.006 -0.245 -0.197 0.077 -0.082 -0.076 -0.107
05-22-14-NS1-RAPD-0140-EEG-35W-2D 27 I -0.002 -0.006 0.000 -0.010 -0.005 0.002 -0.012 0.013 -0.040 -0.227 0.006 -0.134 -0.100 0.045 -0.177 0.180
05-22-14-NS1-RAPD-0140-EEG-35W-2D 28 Q 0.006 -0.007 -0.002 -0.002 -0.006 0.008 -0.003 -0.002 0.114 -0.264 -0.051 -0.034 -0.106 0.225 -0.041 -0.024
05-22-14-NS1-RAPD-0140-EEG-35W-2D 29 I 0.002 0.001 -0.003 -0.003 -0.006 0.004 -0.009 0.009 0.043 0.021 -0.072 -0.045 -0.118 0.084 -0.152 0.126
05-22-14-NS1-RAPD-0140-EEG-35W-2D 30 A 0.001 0.004 -0.008 0.011 -0.002 -0.001 0.012 -0.001 0.025 0.143 -0.181 0.152 -0.030 -0.018 0.189 -0.010
05-22-14-NS1-RAPD-0140-EEG-35W-2D 31 A 0.000 0.000 -0.015 -0.020 -0.007 -0.005 -0.005 0.002 0.000 0.009 -0.329 -0.282 -0.144 -0.101 -0.076 0.027
05-22-14-NS1-RAPD-0140-EEG-35W-2D 32 A -0.000 -0.002 -0.000 -0.013 -0.001 0.010 -0.003 -0.000 -0.004 -0.091 -0.008 -0.177 -0.018 0.194 -0.045 -0.001
05-22-14-NS1-RAPD-0140-EEG-35W-2D 33 A -0.000 0.005 0.001 -0.001 0.007 -0.003 -0.008 -0.008 -0.008 0.208 0.017 -0.016 0.124 -0.066 -0.126 -0.127
05-22-14-NS1-RAPD-0140-EEG-35W-2D 34 I 0.009 0.006 -0.007 0.001 -0.013 0.001 -0.008 0.010 0.160 0.257 -0.145 0.010 -0.250 0.011 -0.143 0.158
05-22-14-NS1-RAPD-0140-EEG-35W-2D 35 A -0.001 -0.001 -0.006 -0.012 -0.005 0.004 0.001 -0.007 -0.016 -0.031 -0.125 -0.169 -0.106 0.082 0.009 -0.110
05-22-14-NS1-RAPD-0140-EEG-35W-2D 36 A -0.002 0.005 0.000 -0.014 -0.007 -0.005 -0.000 0.002 -0.037 0.195 0.011 -0.194 -0.144 -0.102 -0.003 0.031
05-22-14-NS1-RAPD-0140-EEG-35W-2D 37 A -0.009 0.000 -0.006 -0.006 0.000 -0.012 0.009 -0.003 -0.155 0.005 -0.139 -0.084 0.008 -0.231 0.147 -0.039
05-22-14-NS1-RAPD-0140-EEG-35W-2D 38 A -0.001 0.002 0.002 -0.006 0.001 -0.002 0.005 0.003 -0.021 0.054 0.032 -0.076 0.026 -0.049 0.077 0.043
05-22-14-NS1-RAPD-0140-EEG-35W-2D 39 A 0.006 -0.005 0.001 -0.008 -0.006 0.004 -0.005 0.004 0.096 -0.199 0.031 -0.117 -0.125 0.084 -0.077 0.061
05-22-14-NS1-RAPD-0140-EEG-35W-2D 40 I -0.001 0.001 0.006 -0.003 -0.012 -0.001 -0.002 -0.002 -0.010 0.062 0.122 -0.037 -0.254 -0.010 -0.023 -0.031
05-22-14-NS1-RAPD-0140-EEG-35W-2D 41 I -0.001 0.002 -0.001 -0.006 -0.011 -0.010 -0.002 0.003 -0.026 0.087 -0.021 -0.087 -0.224 -0.193 -0.028 0.039
05-22-14-NS1-RAPD-0140-EEG-35W-2D 42 I 0.008 0.001 -0.005 0.005 -0.000 0.006 0.001 -0.009 0.188 0.028 -0.096 0.074 -0.001 0.130 0.020 -0.155
05-22-14-NS1-RAPD-0140-EEG-35W-2D 43 I 0.004 -0.002 -0.000 -0.012 -0.005 0.001 0.001 0.014 0.077 -0.041 -0.003 -0.169 -0.076 0.029 0.018 0.216
05-22-14-NS1-RAPD-0140-EEG-35W-2D 44 I 0.012 -0.001 -0.003 0.003 -0.007 0.005 0.007 0.005 0.211 -0.032 -0.065 0.043 -0.120 0.117 0.113 0.069
05-22-14-NS1-RAPD-0140-EEG-35W-2D 45 A -0.001 0.003 0.007 0.011 -0.015 -0.000 -0.003 -0.003 -0.025 0.116 0.155 0.150 -0.298 -0.005 -0.054 -0.038
05-22-14-NS1-RAPD-0140-EEG-35W-2D 46 A -0.004 0.003 0.001 0.009 -0.008 -0.010 -0.002 0.011 -0.078 0.110 0.012 0.134 -0.150 -0.199 -0.036 0.161
05-22-14-NS1-RAPD-0140-EEG-35W-2D 47 I 0.001 0.002 -0.012 0.015 -0.011 -0.000 -0.004 -0.004 0.012 0.074 -0.272 0.225 -0.232 -0.008 -0.060 -0.056
05-22-14-NS1-RAPD-0140-EEG-35W-2D 48 A 0.015 -0.004 -0.008 -0.012 -0.003 -0.005 -0.002 0.004 0.292 -0.153 -0.177 -0.178 -0.053 -0.103 -0.034 0.062
05-22-14-NS1-RAPD-0140-EEG-35W-2D 49 A 0.004 0.003 -0.001 -0.007 -0.001 -0.001 0.002 0.003 0.068 0.105 -0.027 -0.101 -0.015 -0.030 0.037 0.036
05-22-14-NS1-RAPD-0140-EEG-35W-2D 50 A 0.001 0.000 -0.002 0.008 0.002 0.001 -0.002 -0.001 0.030 0.014 -0.044 0.111 0.041 0.028 -0.033 -0.015
05-22-14-NS1-RAPD-0140-EEG-35W-2D 51 I -0.002 -0.003 -0.006 -0.010 -0.000 0.018 0.004 0.007 -0.053 -0.071 -0.107 -0.142 -0.000 0.354 0.068 0.110
